John Lemon
4
Advanced Mathematics -> 0.022457541331186714
Cooking -> 0.6948979194288885
Psychology -> 0.3593616089978846
Music -> 4.232929900915728

Shabira
5
Programming -> 0.735108863749756
Advanced Mathematics -> 1.1278386386678385
Chinese -> 3.1706057721072387
Cooking -> 1.36904028452839
Psychology -> 0.23924545913914574

Shabira
6
Advanced Mathematics -> 7.628152652242815
Cooking -> 6.316447609879407
Music -> 8.291137516204373
Psychology -> 0.7455857028781587
Programming -> 8.742369903112237
Chinese -> 8.437291194624597

Balena Tormez
3
Chinese -> 9.142674898088092
Music -> 2.0238566218874556
Psychology -> 0.02943641326032087

Balena Tormez
2
Chinese -> 6.2957903865167095
Public Speaking -> 2.1443611502736957

